<?xml version="1.0" encoding="UTF-8"?>
<robot generator="Robot 6.1.1 (Python 3.10.11 on win32)" generated="20231205 15:40:14.962" rpa="false" schemaversion="4">
<suite id="s1" name="LandingPage" source="C:\Users\Dynas\OneDrive\Documents\GitHub\RobotFramework-Automations\LD-TestAut\LandingPage-TC\LandingPageTC-LD\TestCase\LandingPage.robot">
<test id="s1-t1" name="Verify home page is properly displayed" line="18">
<kw name="StartTest" library="CommonFunctionalities" type="SETUP">
<kw name="Open Browser" library="SeleniumLibrary">
<arg>https://dev.lightningdragon.gg/home</arg>
<arg>chrome</arg>
<doc>Opens a new browser instance to the optional ``url``.</doc>
<msg timestamp="20231205 15:40:15.171" level="INFO">Opening browser 'chrome' to base url 'https://dev.lightningdragon.gg/home'.</msg>
<status status="PASS" starttime="20231205 15:40:15.170" endtime="20231205 15:40:21.709"/>
</kw>
<kw name="Maximize Browser Window" library="SeleniumLibrary">
<doc>Maximizes current browser window.</doc>
<status status="PASS" starttime="20231205 15:40:21.710" endtime="20231205 15:40:21.956"/>
</kw>
<kw name="Sleep" library="BuiltIn">
<arg>2s</arg>
<doc>Pauses the test executed for the given time.</doc>
<msg timestamp="20231205 15:40:23.971" level="INFO">Slept 2 seconds</msg>
<status status="PASS" starttime="20231205 15:40:21.957" endtime="20231205 15:40:23.973"/>
</kw>
<status status="PASS" starttime="20231205 15:40:15.170" endtime="20231205 15:40:23.974"/>
</kw>
<kw name="PerformLoginProcess" library="CommonFunctionalities">
<kw name="Click Element" library="SeleniumLibrary">
<arg>css:a.button-secondary</arg>
<doc>Click the element identified by ``locator``.</doc>
<msg timestamp="20231205 15:40:23.977" level="INFO">Clicking element 'css:a.button-secondary'.</msg>
<status status="PASS" starttime="20231205 15:40:23.976" endtime="20231205 15:40:24.166"/>
</kw>
<kw name="Wait Until Element Is Enabled" library="SeleniumLibrary">
<arg>name:email</arg>
<doc>Waits until the element ``locator`` is enabled.</doc>
<status status="PASS" starttime="20231205 15:40:24.166" endtime="20231205 15:40:24.633"/>
</kw>
<kw name="Input Text" library="SeleniumLibrary">
<arg>name:email</arg>
<arg>${login_email}</arg>
<doc>Types the given ``text`` into the text field identified by ``locator``.</doc>
<msg timestamp="20231205 15:40:24.635" level="INFO">Typing text 'testa@mailinator.com' into text field 'name:email'.</msg>
<status status="PASS" starttime="20231205 15:40:24.634" endtime="20231205 15:40:24.839"/>
</kw>
<kw name="Input Password" library="SeleniumLibrary">
<arg>name:password</arg>
<arg>${login_password}</arg>
<doc>Types the given password into the text field identified by ``locator``.</doc>
<msg timestamp="20231205 15:40:24.840" level="INFO">Typing password into text field 'name:password'.</msg>
<msg timestamp="20231205 15:40:24.891" level="INFO">Temporally setting log level to: NONE</msg>
<msg timestamp="20231205 15:40:24.959" level="INFO">Log level changed from NONE to INFO.</msg>
<status status="PASS" starttime="20231205 15:40:24.840" endtime="20231205 15:40:24.959"/>
</kw>
<kw name="Click Element" library="SeleniumLibrary">
<arg>css:button[type="submit"]</arg>
<doc>Click the element identified by ``locator``.</doc>
<msg timestamp="20231205 15:40:24.960" level="INFO">Clicking element 'css:button[type="submit"]'.</msg>
<status status="PASS" starttime="20231205 15:40:24.960" endtime="20231205 15:40:25.052"/>
</kw>
<status status="PASS" starttime="20231205 15:40:23.975" endtime="20231205 15:40:25.052"/>
</kw>
<kw name="Sleep" library="BuiltIn">
<arg>5s</arg>
<doc>Pauses the test executed for the given time.</doc>
<msg timestamp="20231205 15:40:30.059" level="INFO">Slept 5 seconds</msg>
<status status="PASS" starttime="20231205 15:40:25.054" endtime="20231205 15:40:30.060"/>
</kw>
<kw name="Take Screenshot" library="Screenshot">
<arg>${TEST_NAME}_homepageImage.png</arg>
<doc>Takes a screenshot in JPEG format and embeds it into the log file.</doc>
<msg timestamp="20231205 15:40:30.063" level="WARN">Taking screenshot failed: Taking screenshots is not supported on this platform by default. See library documentation for details.
Make sure tests are run with a physical or virtual display.</msg>
<msg timestamp="20231205 15:40:30.064" level="INFO" html="true">&lt;a href="Verify%20home%20page%20is%20properly%20displayed_homepageImage.png_1.jpg"&gt;&lt;img src="Verify%20home%20page%20is%20properly%20displayed_homepageImage.png_1.jpg" width="800px"&gt;&lt;/a&gt;</msg>
<status status="PASS" starttime="20231205 15:40:30.061" endtime="20231205 15:40:30.064"/>
</kw>
<kw name="Sleep" library="BuiltIn">
<arg>5s</arg>
<doc>Pauses the test executed for the given time.</doc>
<msg timestamp="20231205 15:40:35.077" level="INFO">Slept 5 seconds</msg>
<status status="PASS" starttime="20231205 15:40:30.065" endtime="20231205 15:40:35.077"/>
</kw>
<kw name="EndTest" library="CommonFunctionalities" type="TEARDOWN">
<kw name="Close Browser" library="SeleniumLibrary">
<doc>Closes the current browser.</doc>
<status status="PASS" starttime="20231205 15:40:35.078" endtime="20231205 15:40:37.310"/>
</kw>
<status status="PASS" starttime="20231205 15:40:35.078" endtime="20231205 15:40:37.310"/>
</kw>
<doc>This test case verifies the functionality of the homepage-login</doc>
<tag>functional</tag>
<status status="PASS" starttime="20231205 15:40:15.168" endtime="20231205 15:40:37.310"/>
</test>
<doc>Landing Page Automation</doc>
<status status="PASS" starttime="20231205 15:40:14.965" endtime="20231205 15:40:37.312"/>
</suite>
<statistics>
<total>
<stat pass="1" fail="0" skip="0">All Tests</stat>
</total>
<tag>
<stat pass="1" fail="0" skip="0">functional</stat>
</tag>
<suite>
<stat pass="1" fail="0" skip="0" id="s1" name="LandingPage">LandingPage</stat>
</suite>
</statistics>
<errors>
<msg timestamp="20231205 15:40:30.063" level="WARN">Taking screenshot failed: Taking screenshots is not supported on this platform by default. See library documentation for details.
Make sure tests are run with a physical or virtual display.</msg>
</errors>
</robot>
