<?xml version="1.0" encoding="UTF-8"?>
<robot generator="Robot 6.1.1 (Python 3.10.11 on win32)" generated="20240321 15:45:14.660" rpa="false" schemaversion="4">
<suite id="s1" name="loginTC" source="C:\Users\Dynas\OneDrive\Documents\GitHub\RobotFramework-Automations\DynastyTestAutomations\LD\TestCases\login\loginTC.robot">
<test id="s1-t1" name="Verify Landing Page Accessability" line="14">
<kw name="Test_Start" library="testSetup" type="SETUP">
<kw name="Open Browser" library="SeleniumLibrary">
<arg>${url.${env}}</arg>
<arg>${browser}</arg>
<doc>Opens a new browser instance to the optional ``url``.</doc>
<msg timestamp="20240321 15:45:14.850" level="INFO">Opening browser 'chrome' to base url 'https://lightningdragon.gg/home'.</msg>
<status status="PASS" starttime="20240321 15:45:14.850" endtime="20240321 15:45:29.007"/>
</kw>
<kw name="Maximize Browser Window" library="SeleniumLibrary">
<doc>Maximizes current browser window.</doc>
<status status="PASS" starttime="20240321 15:45:29.007" endtime="20240321 15:45:29.145"/>
</kw>
<status status="PASS" starttime="20240321 15:45:14.850" endtime="20240321 15:45:29.145"/>
</kw>
<kw name="ImplicitWait" library="globalVariables">
<kw name="Sleep" library="BuiltIn">
<arg>3s</arg>
<doc>Pauses the test executed for the given time.</doc>
<msg timestamp="20240321 15:45:32.151" level="INFO">Slept 3 seconds</msg>
<status status="PASS" starttime="20240321 15:45:29.145" endtime="20240321 15:45:32.151"/>
</kw>
<status status="PASS" starttime="20240321 15:45:29.145" endtime="20240321 15:45:32.151"/>
</kw>
<kw name="Test_End" library="testSetup" type="TEARDOWN">
<kw name="Close All Browsers" library="SeleniumLibrary">
<doc>Closes all open browsers and resets the browser cache.</doc>
<status status="PASS" starttime="20240321 15:45:32.151" endtime="20240321 15:45:38.379"/>
</kw>
<status status="PASS" starttime="20240321 15:45:32.151" endtime="20240321 15:45:38.379"/>
</kw>
<doc>This verifies the accessibility of the landing page</doc>
<status status="PASS" starttime="20240321 15:45:14.850" endtime="20240321 15:45:38.379"/>
</test>
<test id="s1-t2" name="Verify Login Page Accessability" line="19">
<kw name="Test_Start" library="testSetup" type="SETUP">
<kw name="Open Browser" library="SeleniumLibrary">
<arg>${url.${env}}</arg>
<arg>${browser}</arg>
<doc>Opens a new browser instance to the optional ``url``.</doc>
<msg timestamp="20240321 15:45:38.379" level="INFO">Opening browser 'chrome' to base url 'https://lightningdragon.gg/home'.</msg>
<status status="PASS" starttime="20240321 15:45:38.379" endtime="20240321 15:45:51.107"/>
</kw>
<kw name="Maximize Browser Window" library="SeleniumLibrary">
<doc>Maximizes current browser window.</doc>
<status status="PASS" starttime="20240321 15:45:51.107" endtime="20240321 15:45:51.246"/>
</kw>
<status status="PASS" starttime="20240321 15:45:38.379" endtime="20240321 15:45:51.246"/>
</kw>
<kw name="ImplicitWait" library="globalVariables">
<kw name="Sleep" library="BuiltIn">
<arg>3s</arg>
<doc>Pauses the test executed for the given time.</doc>
<msg timestamp="20240321 15:45:54.258" level="INFO">Slept 3 seconds</msg>
<status status="PASS" starttime="20240321 15:45:51.246" endtime="20240321 15:45:54.258"/>
</kw>
<status status="PASS" starttime="20240321 15:45:51.246" endtime="20240321 15:45:54.258"/>
</kw>
<kw name="Clicker" library="globalVariables">
<arg>${loginButton}</arg>
<kw name="Click Element" library="SeleniumLibrary">
<arg>${clickElement}</arg>
<doc>Click the element identified by ``locator``.</doc>
<msg timestamp="20240321 15:45:54.258" level="INFO">Clicking element 'xpath=//a[contains(text(),'Log in')]'.</msg>
<status status="PASS" starttime="20240321 15:45:54.258" endtime="20240321 15:45:54.363"/>
</kw>
<status status="PASS" starttime="20240321 15:45:54.258" endtime="20240321 15:45:54.363"/>
</kw>
<kw name="ImplicitWait" library="globalVariables">
<kw name="Sleep" library="BuiltIn">
<arg>3s</arg>
<doc>Pauses the test executed for the given time.</doc>
<msg timestamp="20240321 15:45:57.373" level="INFO">Slept 3 seconds</msg>
<status status="PASS" starttime="20240321 15:45:54.363" endtime="20240321 15:45:57.373"/>
</kw>
<status status="PASS" starttime="20240321 15:45:54.363" endtime="20240321 15:45:57.373"/>
</kw>
<kw name="Test_End" library="testSetup" type="TEARDOWN">
<kw name="Close All Browsers" library="SeleniumLibrary">
<doc>Closes all open browsers and resets the browser cache.</doc>
<status status="PASS" starttime="20240321 15:45:57.373" endtime="20240321 15:46:03.626"/>
</kw>
<status status="PASS" starttime="20240321 15:45:57.373" endtime="20240321 15:46:03.626"/>
</kw>
<doc>This verifies the accessibility of the login page</doc>
<status status="PASS" starttime="20240321 15:45:38.379" endtime="20240321 15:46:03.626"/>
</test>
<test id="s1-t3" name="Valid email invalid pass" line="25">
<kw name="Test_Start" library="testSetup" type="SETUP">
<kw name="Open Browser" library="SeleniumLibrary">
<arg>${url.${env}}</arg>
<arg>${browser}</arg>
<doc>Opens a new browser instance to the optional ``url``.</doc>
<msg timestamp="20240321 15:46:03.626" level="INFO">Opening browser 'chrome' to base url 'https://lightningdragon.gg/home'.</msg>
<status status="PASS" starttime="20240321 15:46:03.626" endtime="20240321 15:46:14.333"/>
</kw>
<kw name="Maximize Browser Window" library="SeleniumLibrary">
<doc>Maximizes current browser window.</doc>
<status status="PASS" starttime="20240321 15:46:14.333" endtime="20240321 15:46:14.455"/>
</kw>
<status status="PASS" starttime="20240321 15:46:03.626" endtime="20240321 15:46:14.455"/>
</kw>
<kw name="ExplicitWait" library="globalVariables">
<arg>${loginButton}</arg>
<kw name="Wait Until Element Is Enabled" library="SeleniumLibrary">
<arg>${elementToWait}</arg>
<doc>Waits until the element ``locator`` is enabled.</doc>
<status status="PASS" starttime="20240321 15:46:14.458" endtime="20240321 15:46:14.537"/>
</kw>
<status status="PASS" starttime="20240321 15:46:14.457" endtime="20240321 15:46:14.537"/>
</kw>
<kw name="Clicker" library="globalVariables">
<arg>${loginButton}</arg>
<kw name="Click Element" library="SeleniumLibrary">
<arg>${clickElement}</arg>
<doc>Click the element identified by ``locator``.</doc>
<msg timestamp="20240321 15:46:14.539" level="INFO">Clicking element 'xpath=//a[contains(text(),'Log in')]'.</msg>
<status status="PASS" starttime="20240321 15:46:14.539" endtime="20240321 15:46:14.963"/>
</kw>
<status status="PASS" starttime="20240321 15:46:14.538" endtime="20240321 15:46:14.963"/>
</kw>
<kw name="ImplicitWait" library="globalVariables">
<kw name="Sleep" library="BuiltIn">
<arg>3s</arg>
<doc>Pauses the test executed for the given time.</doc>
<msg timestamp="20240321 15:46:17.985" level="INFO">Slept 3 seconds</msg>
<status status="PASS" starttime="20240321 15:46:14.972" endtime="20240321 15:46:17.985"/>
</kw>
<status status="PASS" starttime="20240321 15:46:14.972" endtime="20240321 15:46:17.985"/>
</kw>
<kw name="Typer" library="globalVariables">
<arg>${emailField}</arg>
<arg>${active_credentials['validUsername']}</arg>
<kw name="Input Text" library="SeleniumLibrary">
<arg>${targetElement}</arg>
<arg>${typedWord}</arg>
<doc>Types the given ``text`` into the text field identified by ``locator``.</doc>
<msg timestamp="20240321 15:46:17.985" level="INFO">Typing text 'jc@dynastygm.com' into text field 'xpath=//input[@type='email']'.</msg>
<status status="PASS" starttime="20240321 15:46:17.985" endtime="20240321 15:46:18.227"/>
</kw>
<status status="PASS" starttime="20240321 15:46:17.985" endtime="20240321 15:46:18.227"/>
</kw>
<kw name="Typer" library="globalVariables">
<arg>${passwordField}</arg>
<arg>${active_credentials['invalidPassword']}</arg>
<kw name="Input Text" library="SeleniumLibrary">
<arg>${targetElement}</arg>
<arg>${typedWord}</arg>
<doc>Types the given ``text`` into the text field identified by ``locator``.</doc>
<msg timestamp="20240321 15:46:18.227" level="INFO">Typing text 'Pass@@123' into text field 'xpath=//input[starts-with(@name, "password")]'.</msg>
<status status="PASS" starttime="20240321 15:46:18.227" endtime="20240321 15:46:18.408"/>
</kw>
<status status="PASS" starttime="20240321 15:46:18.227" endtime="20240321 15:46:18.408"/>
</kw>
<kw name="ExplicitWait" library="globalVariables">
<arg>${loginButton2}</arg>
<kw name="Wait Until Element Is Enabled" library="SeleniumLibrary">
<arg>${elementToWait}</arg>
<doc>Waits until the element ``locator`` is enabled.</doc>
<status status="PASS" starttime="20240321 15:46:18.414" endtime="20240321 15:46:18.485"/>
</kw>
<status status="PASS" starttime="20240321 15:46:18.408" endtime="20240321 15:46:18.485"/>
</kw>
<kw name="Clicker" library="globalVariables">
<arg>${loginButton2}</arg>
<kw name="Click Element" library="SeleniumLibrary">
<arg>${clickElement}</arg>
<doc>Click the element identified by ``locator``.</doc>
<msg timestamp="20240321 15:46:18.485" level="INFO">Clicking element 'xpath=//span[contains(text(),'Log in')]'.</msg>
<status status="PASS" starttime="20240321 15:46:18.485" endtime="20240321 15:46:18.582"/>
</kw>
<status status="PASS" starttime="20240321 15:46:18.485" endtime="20240321 15:46:18.582"/>
</kw>
<kw name="Verify PageContents" library="globalVariables">
<arg>${loginLabels['accountMismatch']}</arg>
<kw name="Page Should Contain" library="SeleniumLibrary">
<arg>${pageShouldContain}</arg>
<doc>Verifies that current page contains ``text``.</doc>
<msg timestamp="20240321 15:46:18.696" level="INFO">Current page contains text 'Incorrect email or password. Please try again.'.</msg>
<status status="PASS" starttime="20240321 15:46:18.582" endtime="20240321 15:46:18.696"/>
</kw>
<status status="PASS" starttime="20240321 15:46:18.582" endtime="20240321 15:46:18.696"/>
</kw>
<kw name="Test_End" library="testSetup" type="TEARDOWN">
<kw name="Close All Browsers" library="SeleniumLibrary">
<doc>Closes all open browsers and resets the browser cache.</doc>
<status status="PASS" starttime="20240321 15:46:18.696" endtime="20240321 15:46:24.958"/>
</kw>
<status status="PASS" starttime="20240321 15:46:18.696" endtime="20240321 15:46:24.958"/>
</kw>
<doc>This verifies that a user with valid email but invalid pass cannot login to the page</doc>
<status status="PASS" starttime="20240321 15:46:03.626" endtime="20240321 15:46:24.958"/>
</test>
<test id="s1-t4" name="Invalid email valid pass" line="36">
<kw name="Test_Start" library="testSetup" type="SETUP">
<kw name="Open Browser" library="SeleniumLibrary">
<arg>${url.${env}}</arg>
<arg>${browser}</arg>
<doc>Opens a new browser instance to the optional ``url``.</doc>
<msg timestamp="20240321 15:46:24.958" level="INFO">Opening browser 'chrome' to base url 'https://lightningdragon.gg/home'.</msg>
<status status="PASS" starttime="20240321 15:46:24.958" endtime="20240321 15:46:36.861"/>
</kw>
<kw name="Maximize Browser Window" library="SeleniumLibrary">
<doc>Maximizes current browser window.</doc>
<status status="PASS" starttime="20240321 15:46:36.861" endtime="20240321 15:46:36.985"/>
</kw>
<status status="PASS" starttime="20240321 15:46:24.958" endtime="20240321 15:46:36.985"/>
</kw>
<kw name="ExplicitWait" library="globalVariables">
<arg>${loginButton}</arg>
<kw name="Wait Until Element Is Enabled" library="SeleniumLibrary">
<arg>${elementToWait}</arg>
<doc>Waits until the element ``locator`` is enabled.</doc>
<status status="PASS" starttime="20240321 15:46:36.988" endtime="20240321 15:46:37.053"/>
</kw>
<status status="PASS" starttime="20240321 15:46:36.987" endtime="20240321 15:46:37.054"/>
</kw>
<kw name="Clicker" library="globalVariables">
<arg>${loginButton}</arg>
<kw name="Click Element" library="SeleniumLibrary">
<arg>${clickElement}</arg>
<doc>Click the element identified by ``locator``.</doc>
<msg timestamp="20240321 15:46:37.056" level="INFO">Clicking element 'xpath=//a[contains(text(),'Log in')]'.</msg>
<status status="PASS" starttime="20240321 15:46:37.055" endtime="20240321 15:46:37.477"/>
</kw>
<status status="PASS" starttime="20240321 15:46:37.054" endtime="20240321 15:46:37.477"/>
</kw>
<kw name="ImplicitWait" library="globalVariables">
<kw name="Sleep" library="BuiltIn">
<arg>3s</arg>
<doc>Pauses the test executed for the given time.</doc>
<msg timestamp="20240321 15:46:40.490" level="INFO">Slept 3 seconds</msg>
<status status="PASS" starttime="20240321 15:46:37.483" endtime="20240321 15:46:40.490"/>
</kw>
<status status="PASS" starttime="20240321 15:46:37.482" endtime="20240321 15:46:40.490"/>
</kw>
<kw name="Typer" library="globalVariables">
<arg>${emailField}</arg>
<arg>${active_credentials['invalidUsername']}</arg>
<kw name="Input Text" library="SeleniumLibrary">
<arg>${targetElement}</arg>
<arg>${typedWord}</arg>
<doc>Types the given ``text`` into the text field identified by ``locator``.</doc>
<msg timestamp="20240321 15:46:40.490" level="INFO">Typing text 'jc@hotmail.com' into text field 'xpath=//input[@type='email']'.</msg>
<status status="PASS" starttime="20240321 15:46:40.490" endtime="20240321 15:46:40.726"/>
</kw>
<status status="PASS" starttime="20240321 15:46:40.490" endtime="20240321 15:46:40.726"/>
</kw>
<kw name="Typer" library="globalVariables">
<arg>${passwordField}</arg>
<arg>${active_credentials['validPassword']}</arg>
<kw name="Input Text" library="SeleniumLibrary">
<arg>${targetElement}</arg>
<arg>${typedWord}</arg>
<doc>Types the given ``text`` into the text field identified by ``locator``.</doc>
<msg timestamp="20240321 15:46:40.726" level="INFO">Typing text 'Dynasty@2023' into text field 'xpath=//input[starts-with(@name, "password")]'.</msg>
<status status="PASS" starttime="20240321 15:46:40.726" endtime="20240321 15:46:40.926"/>
</kw>
<status status="PASS" starttime="20240321 15:46:40.726" endtime="20240321 15:46:40.926"/>
</kw>
<kw name="ExplicitWait" library="globalVariables">
<arg>${loginButton2}</arg>
<kw name="Wait Until Element Is Enabled" library="SeleniumLibrary">
<arg>${elementToWait}</arg>
<doc>Waits until the element ``locator`` is enabled.</doc>
<status status="PASS" starttime="20240321 15:46:40.933" endtime="20240321 15:46:40.975"/>
</kw>
<status status="PASS" starttime="20240321 15:46:40.932" endtime="20240321 15:46:40.975"/>
</kw>
<kw name="Clicker" library="globalVariables">
<arg>${loginButton2}</arg>
<kw name="Click Element" library="SeleniumLibrary">
<arg>${clickElement}</arg>
<doc>Click the element identified by ``locator``.</doc>
<msg timestamp="20240321 15:46:40.975" level="INFO">Clicking element 'xpath=//span[contains(text(),'Log in')]'.</msg>
<status status="PASS" starttime="20240321 15:46:40.975" endtime="20240321 15:46:41.074"/>
</kw>
<status status="PASS" starttime="20240321 15:46:40.975" endtime="20240321 15:46:41.078"/>
</kw>
<kw name="Verify PageContents" library="globalVariables">
<arg>${loginLabels['accountMismatch']}</arg>
<kw name="Page Should Contain" library="SeleniumLibrary">
<arg>${pageShouldContain}</arg>
<doc>Verifies that current page contains ``text``.</doc>
<msg timestamp="20240321 15:46:41.216" level="INFO">Current page contains text 'Incorrect email or password. Please try again.'.</msg>
<status status="PASS" starttime="20240321 15:46:41.080" endtime="20240321 15:46:41.224"/>
</kw>
<status status="PASS" starttime="20240321 15:46:41.080" endtime="20240321 15:46:41.224"/>
</kw>
<kw name="Test_End" library="testSetup" type="TEARDOWN">
<kw name="Close All Browsers" library="SeleniumLibrary">
<doc>Closes all open browsers and resets the browser cache.</doc>
<status status="PASS" starttime="20240321 15:46:41.224" endtime="20240321 15:46:47.467"/>
</kw>
<status status="PASS" starttime="20240321 15:46:41.224" endtime="20240321 15:46:47.467"/>
</kw>
<doc>This verifies that a user with invalid email but valid pass cannot login to the page</doc>
<status status="PASS" starttime="20240321 15:46:24.958" endtime="20240321 15:46:47.467"/>
</test>
<test id="s1-t5" name="Invalid email invalid pass" line="47">
<kw name="Test_Start" library="testSetup" type="SETUP">
<kw name="Open Browser" library="SeleniumLibrary">
<arg>${url.${env}}</arg>
<arg>${browser}</arg>
<doc>Opens a new browser instance to the optional ``url``.</doc>
<msg timestamp="20240321 15:46:47.467" level="INFO">Opening browser 'chrome' to base url 'https://lightningdragon.gg/home'.</msg>
<status status="PASS" starttime="20240321 15:46:47.467" endtime="20240321 15:47:00.875"/>
</kw>
<kw name="Maximize Browser Window" library="SeleniumLibrary">
<doc>Maximizes current browser window.</doc>
<status status="PASS" starttime="20240321 15:47:00.875" endtime="20240321 15:47:01.006"/>
</kw>
<status status="PASS" starttime="20240321 15:46:47.467" endtime="20240321 15:47:01.006"/>
</kw>
<kw name="ExplicitWait" library="globalVariables">
<arg>${loginButton}</arg>
<kw name="Wait Until Element Is Enabled" library="SeleniumLibrary">
<arg>${elementToWait}</arg>
<doc>Waits until the element ``locator`` is enabled.</doc>
<status status="PASS" starttime="20240321 15:47:01.007" endtime="20240321 15:47:01.070"/>
</kw>
<status status="PASS" starttime="20240321 15:47:01.007" endtime="20240321 15:47:01.072"/>
</kw>
<kw name="Clicker" library="globalVariables">
<arg>${loginButton}</arg>
<kw name="Click Element" library="SeleniumLibrary">
<arg>${clickElement}</arg>
<doc>Click the element identified by ``locator``.</doc>
<msg timestamp="20240321 15:47:01.073" level="INFO">Clicking element 'xpath=//a[contains(text(),'Log in')]'.</msg>
<status status="PASS" starttime="20240321 15:47:01.073" endtime="20240321 15:47:01.543"/>
</kw>
<status status="PASS" starttime="20240321 15:47:01.072" endtime="20240321 15:47:01.543"/>
</kw>
<kw name="ImplicitWait" library="globalVariables">
<kw name="Sleep" library="BuiltIn">
<arg>3s</arg>
<doc>Pauses the test executed for the given time.</doc>
<msg timestamp="20240321 15:47:04.555" level="INFO">Slept 3 seconds</msg>
<status status="PASS" starttime="20240321 15:47:01.545" endtime="20240321 15:47:04.555"/>
</kw>
<status status="PASS" starttime="20240321 15:47:01.545" endtime="20240321 15:47:04.555"/>
</kw>
<kw name="Typer" library="globalVariables">
<arg>${emailField}</arg>
<arg>${active_credentials['invalidUsername']}</arg>
<kw name="Input Text" library="SeleniumLibrary">
<arg>${targetElement}</arg>
<arg>${typedWord}</arg>
<doc>Types the given ``text`` into the text field identified by ``locator``.</doc>
<msg timestamp="20240321 15:47:04.555" level="INFO">Typing text 'jc@hotmail.com' into text field 'xpath=//input[@type='email']'.</msg>
<status status="PASS" starttime="20240321 15:47:04.555" endtime="20240321 15:47:04.776"/>
</kw>
<status status="PASS" starttime="20240321 15:47:04.555" endtime="20240321 15:47:04.776"/>
</kw>
<kw name="Typer" library="globalVariables">
<arg>${passwordField}</arg>
<arg>${active_credentials['invalidPassword']}</arg>
<kw name="Input Text" library="SeleniumLibrary">
<arg>${targetElement}</arg>
<arg>${typedWord}</arg>
<doc>Types the given ``text`` into the text field identified by ``locator``.</doc>
<msg timestamp="20240321 15:47:04.776" level="INFO">Typing text 'Pass@@123' into text field 'xpath=//input[starts-with(@name, "password")]'.</msg>
<status status="PASS" starttime="20240321 15:47:04.776" endtime="20240321 15:47:04.957"/>
</kw>
<status status="PASS" starttime="20240321 15:47:04.776" endtime="20240321 15:47:04.957"/>
</kw>
<kw name="ExplicitWait" library="globalVariables">
<arg>${loginButton2}</arg>
<kw name="Wait Until Element Is Enabled" library="SeleniumLibrary">
<arg>${elementToWait}</arg>
<doc>Waits until the element ``locator`` is enabled.</doc>
<status status="PASS" starttime="20240321 15:47:04.957" endtime="20240321 15:47:04.999"/>
</kw>
<status status="PASS" starttime="20240321 15:47:04.957" endtime="20240321 15:47:04.999"/>
</kw>
<kw name="Clicker" library="globalVariables">
<arg>${loginButton2}</arg>
<kw name="Click Element" library="SeleniumLibrary">
<arg>${clickElement}</arg>
<doc>Click the element identified by ``locator``.</doc>
<msg timestamp="20240321 15:47:05.005" level="INFO">Clicking element 'xpath=//span[contains(text(),'Log in')]'.</msg>
<status status="PASS" starttime="20240321 15:47:04.999" endtime="20240321 15:47:05.111"/>
</kw>
<status status="PASS" starttime="20240321 15:47:04.999" endtime="20240321 15:47:05.111"/>
</kw>
<kw name="Verify PageContents" library="globalVariables">
<arg>${loginLabels['accountMismatch']}</arg>
<kw name="Page Should Contain" library="SeleniumLibrary">
<arg>${pageShouldContain}</arg>
<doc>Verifies that current page contains ``text``.</doc>
<msg timestamp="20240321 15:47:05.308" level="INFO">Current page contains text 'Incorrect email or password. Please try again.'.</msg>
<status status="PASS" starttime="20240321 15:47:05.117" endtime="20240321 15:47:05.308"/>
</kw>
<status status="PASS" starttime="20240321 15:47:05.116" endtime="20240321 15:47:05.308"/>
</kw>
<kw name="Test_End" library="testSetup" type="TEARDOWN">
<kw name="Close All Browsers" library="SeleniumLibrary">
<doc>Closes all open browsers and resets the browser cache.</doc>
<status status="PASS" starttime="20240321 15:47:05.312" endtime="20240321 15:47:11.600"/>
</kw>
<status status="PASS" starttime="20240321 15:47:05.312" endtime="20240321 15:47:11.600"/>
</kw>
<doc>This verifies that a user with invalid email and pass cannot login to the page</doc>
<status status="PASS" starttime="20240321 15:46:47.467" endtime="20240321 15:47:11.600"/>
</test>
<test id="s1-t6" name="valid email and pass" line="58">
<kw name="Test_Start" library="testSetup" type="SETUP">
<kw name="Open Browser" library="SeleniumLibrary">
<arg>${url.${env}}</arg>
<arg>${browser}</arg>
<doc>Opens a new browser instance to the optional ``url``.</doc>
<msg timestamp="20240321 15:47:11.600" level="INFO">Opening browser 'chrome' to base url 'https://lightningdragon.gg/home'.</msg>
<status status="PASS" starttime="20240321 15:47:11.600" endtime="20240321 15:47:26.962"/>
</kw>
<kw name="Maximize Browser Window" library="SeleniumLibrary">
<doc>Maximizes current browser window.</doc>
<status status="PASS" starttime="20240321 15:47:26.962" endtime="20240321 15:47:27.085"/>
</kw>
<status status="PASS" starttime="20240321 15:47:11.600" endtime="20240321 15:47:27.085"/>
</kw>
<kw name="ExplicitWait" library="globalVariables">
<arg>${loginButton}</arg>
<kw name="Wait Until Element Is Enabled" library="SeleniumLibrary">
<arg>${elementToWait}</arg>
<doc>Waits until the element ``locator`` is enabled.</doc>
<status status="PASS" starttime="20240321 15:47:27.087" endtime="20240321 15:47:27.155"/>
</kw>
<status status="PASS" starttime="20240321 15:47:27.087" endtime="20240321 15:47:27.155"/>
</kw>
<kw name="Clicker" library="globalVariables">
<arg>${loginButton}</arg>
<kw name="Click Element" library="SeleniumLibrary">
<arg>${clickElement}</arg>
<doc>Click the element identified by ``locator``.</doc>
<msg timestamp="20240321 15:47:27.157" level="INFO">Clicking element 'xpath=//a[contains(text(),'Log in')]'.</msg>
<status status="PASS" starttime="20240321 15:47:27.156" endtime="20240321 15:47:27.314"/>
</kw>
<status status="PASS" starttime="20240321 15:47:27.156" endtime="20240321 15:47:27.314"/>
</kw>
<kw name="ImplicitWait" library="globalVariables">
<kw name="Sleep" library="BuiltIn">
<arg>3s</arg>
<doc>Pauses the test executed for the given time.</doc>
<msg timestamp="20240321 15:47:30.325" level="INFO">Slept 3 seconds</msg>
<status status="PASS" starttime="20240321 15:47:27.317" endtime="20240321 15:47:30.325"/>
</kw>
<status status="PASS" starttime="20240321 15:47:27.316" endtime="20240321 15:47:30.325"/>
</kw>
<kw name="Typer" library="globalVariables">
<arg>${emailField}</arg>
<arg>${active_credentials['validUsername']}</arg>
<kw name="Input Text" library="SeleniumLibrary">
<arg>${targetElement}</arg>
<arg>${typedWord}</arg>
<doc>Types the given ``text`` into the text field identified by ``locator``.</doc>
<msg timestamp="20240321 15:47:30.325" level="INFO">Typing text 'jc@dynastygm.com' into text field 'xpath=//input[@type='email']'.</msg>
<status status="PASS" starttime="20240321 15:47:30.325" endtime="20240321 15:47:30.591"/>
</kw>
<status status="PASS" starttime="20240321 15:47:30.325" endtime="20240321 15:47:30.591"/>
</kw>
<kw name="Typer" library="globalVariables">
<arg>${passwordField}</arg>
<arg>${active_credentials['validPassword']}</arg>
<kw name="Input Text" library="SeleniumLibrary">
<arg>${targetElement}</arg>
<arg>${typedWord}</arg>
<doc>Types the given ``text`` into the text field identified by ``locator``.</doc>
<msg timestamp="20240321 15:47:30.591" level="INFO">Typing text 'Dynasty@2023' into text field 'xpath=//input[starts-with(@name, "password")]'.</msg>
<status status="PASS" starttime="20240321 15:47:30.591" endtime="20240321 15:47:30.828"/>
</kw>
<status status="PASS" starttime="20240321 15:47:30.591" endtime="20240321 15:47:30.828"/>
</kw>
<kw name="ExplicitWait" library="globalVariables">
<arg>${loginButton2}</arg>
<kw name="Wait Until Element Is Enabled" library="SeleniumLibrary">
<arg>${elementToWait}</arg>
<doc>Waits until the element ``locator`` is enabled.</doc>
<status status="PASS" starttime="20240321 15:47:30.828" endtime="20240321 15:47:30.883"/>
</kw>
<status status="PASS" starttime="20240321 15:47:30.828" endtime="20240321 15:47:30.883"/>
</kw>
<kw name="Clicker" library="globalVariables">
<arg>${loginButton2}</arg>
<kw name="Click Element" library="SeleniumLibrary">
<arg>${clickElement}</arg>
<doc>Click the element identified by ``locator``.</doc>
<msg timestamp="20240321 15:47:30.885" level="INFO">Clicking element 'xpath=//span[contains(text(),'Log in')]'.</msg>
<status status="PASS" starttime="20240321 15:47:30.885" endtime="20240321 15:47:30.994"/>
</kw>
<status status="PASS" starttime="20240321 15:47:30.883" endtime="20240321 15:47:30.994"/>
</kw>
<kw name="Verify PageNotContains" library="globalVariables">
<arg>${loginLabels['accountMismatch']}</arg>
<kw name="Page Should Not Contain Button" library="SeleniumLibrary">
<arg>${pageShouldNotContain}</arg>
<doc>Verifies button ``locator`` is not found from current page.</doc>
<msg timestamp="20240321 15:47:31.011" level="INFO">Current page does not contain button 'Incorrect email or password. Please try again.'.</msg>
<msg timestamp="20240321 15:47:31.051" level="INFO">Current page does not contain input 'Incorrect email or password. Please try again.'.</msg>
<status status="PASS" starttime="20240321 15:47:30.995" endtime="20240321 15:47:31.051"/>
</kw>
<status status="PASS" starttime="20240321 15:47:30.995" endtime="20240321 15:47:31.051"/>
</kw>
<kw name="Test_End" library="testSetup" type="TEARDOWN">
<kw name="Close All Browsers" library="SeleniumLibrary">
<doc>Closes all open browsers and resets the browser cache.</doc>
<status status="PASS" starttime="20240321 15:47:31.051" endtime="20240321 15:47:37.292"/>
</kw>
<status status="PASS" starttime="20240321 15:47:31.051" endtime="20240321 15:47:37.292"/>
</kw>
<doc>This verifies that a user with invalid email and pass cannot login to the page</doc>
<status status="PASS" starttime="20240321 15:47:11.600" endtime="20240321 15:47:37.292"/>
</test>
<test id="s1-t7" name="verify rememberme tickbox" line="69">
<kw name="Test_Start" library="testSetup" type="SETUP">
<kw name="Open Browser" library="SeleniumLibrary">
<arg>${url.${env}}</arg>
<arg>${browser}</arg>
<doc>Opens a new browser instance to the optional ``url``.</doc>
<msg timestamp="20240321 15:47:37.292" level="INFO">Opening browser 'chrome' to base url 'https://lightningdragon.gg/home'.</msg>
<status status="PASS" starttime="20240321 15:47:37.292" endtime="20240321 15:47:53.963"/>
</kw>
<kw name="Maximize Browser Window" library="SeleniumLibrary">
<doc>Maximizes current browser window.</doc>
<status status="PASS" starttime="20240321 15:47:53.963" endtime="20240321 15:47:54.133"/>
</kw>
<status status="PASS" starttime="20240321 15:47:37.292" endtime="20240321 15:47:54.133"/>
</kw>
<kw name="ExplicitWait" library="globalVariables">
<arg>${loginButton}</arg>
<kw name="Wait Until Element Is Enabled" library="SeleniumLibrary">
<arg>${elementToWait}</arg>
<doc>Waits until the element ``locator`` is enabled.</doc>
<status status="PASS" starttime="20240321 15:47:54.140" endtime="20240321 15:47:54.422"/>
</kw>
<status status="PASS" starttime="20240321 15:47:54.133" endtime="20240321 15:47:54.422"/>
</kw>
<kw name="Clicker" library="globalVariables">
<arg>${loginButton}</arg>
<kw name="Click Element" library="SeleniumLibrary">
<arg>${clickElement}</arg>
<doc>Click the element identified by ``locator``.</doc>
<msg timestamp="20240321 15:47:54.422" level="INFO">Clicking element 'xpath=//a[contains(text(),'Log in')]'.</msg>
<status status="PASS" starttime="20240321 15:47:54.422" endtime="20240321 15:47:54.717"/>
</kw>
<status status="PASS" starttime="20240321 15:47:54.422" endtime="20240321 15:47:54.717"/>
</kw>
<kw name="ImplicitWait" library="globalVariables">
<kw name="Sleep" library="BuiltIn">
<arg>3s</arg>
<doc>Pauses the test executed for the given time.</doc>
<msg timestamp="20240321 15:47:57.727" level="INFO">Slept 3 seconds</msg>
<status status="PASS" starttime="20240321 15:47:54.722" endtime="20240321 15:47:57.728"/>
</kw>
<status status="PASS" starttime="20240321 15:47:54.722" endtime="20240321 15:47:57.728"/>
</kw>
<kw name="Clicker" library="globalVariables">
<arg>${rememberMe}</arg>
<kw name="Click Element" library="SeleniumLibrary">
<arg>${clickElement}</arg>
<doc>Click the element identified by ``locator``.</doc>
<msg timestamp="20240321 15:47:57.729" level="INFO">Clicking element 'xpath=//input[@id='mat-mdc-checkbox-1-input']'.</msg>
<status status="PASS" starttime="20240321 15:47:57.729" endtime="20240321 15:47:57.825"/>
</kw>
<status status="PASS" starttime="20240321 15:47:57.729" endtime="20240321 15:47:57.825"/>
</kw>
<kw name="ExplicitWait" library="globalVariables">
<arg>${rememberMe-checked}</arg>
<kw name="Wait Until Element Is Enabled" library="SeleniumLibrary">
<arg>${elementToWait}</arg>
<doc>Waits until the element ``locator`` is enabled.</doc>
<status status="PASS" starttime="20240321 15:47:57.828" endtime="20240321 15:47:58.968"/>
</kw>
<status status="PASS" starttime="20240321 15:47:57.828" endtime="20240321 15:47:58.968"/>
</kw>
<kw name="Element Contains" library="globalVariables">
<arg>${rememberMe-checked}</arg>
<kw name="Wait Until Page Contains Element" library="SeleniumLibrary">
<arg>${elementContains}</arg>
<doc>Waits until the element ``locator`` appears on the current page.</doc>
<status status="PASS" starttime="20240321 15:47:58.968" endtime="20240321 15:47:58.984"/>
</kw>
<status status="PASS" starttime="20240321 15:47:58.968" endtime="20240321 15:47:58.984"/>
</kw>
<kw name="Clicker" library="globalVariables">
<arg>${rememberMe}</arg>
<kw name="Click Element" library="SeleniumLibrary">
<arg>${clickElement}</arg>
<doc>Click the element identified by ``locator``.</doc>
<msg timestamp="20240321 15:47:58.984" level="INFO">Clicking element 'xpath=//input[@id='mat-mdc-checkbox-1-input']'.</msg>
<status status="PASS" starttime="20240321 15:47:58.984" endtime="20240321 15:47:59.072"/>
</kw>
<status status="PASS" starttime="20240321 15:47:58.984" endtime="20240321 15:47:59.074"/>
</kw>
<kw name="Verify PageNotContains" library="globalVariables">
<arg>${rememberMe-checked}</arg>
<kw name="Page Should Not Contain Button" library="SeleniumLibrary">
<arg>${pageShouldNotContain}</arg>
<doc>Verifies button ``locator`` is not found from current page.</doc>
<msg timestamp="20240321 15:47:59.081" level="INFO">Current page does not contain button 'xpath=//input[contains(@class, "mdc-checkbox__native-control mdc-checkbox--selected")]'.</msg>
<msg timestamp="20240321 15:47:59.097" level="INFO">Current page does not contain input 'xpath=//input[contains(@class, "mdc-checkbox__native-control mdc-checkbox--selected")]'.</msg>
<status status="PASS" starttime="20240321 15:47:59.075" endtime="20240321 15:47:59.097"/>
</kw>
<status status="PASS" starttime="20240321 15:47:59.075" endtime="20240321 15:47:59.097"/>
</kw>
<kw name="Test_End" library="testSetup" type="TEARDOWN">
<kw name="Close All Browsers" library="SeleniumLibrary">
<doc>Closes all open browsers and resets the browser cache.</doc>
<status status="PASS" starttime="20240321 15:47:59.097" endtime="20240321 15:48:05.362"/>
</kw>
<status status="PASS" starttime="20240321 15:47:59.097" endtime="20240321 15:48:05.362"/>
</kw>
<doc>This verifies that the remember me checkbox can be tick/untick</doc>
<status status="PASS" starttime="20240321 15:47:37.292" endtime="20240321 15:48:05.362"/>
</test>
<test id="s1-t8" name="verify forgot password redirection" line="80">
<kw name="Test_Start" library="testSetup" type="SETUP">
<kw name="Open Browser" library="SeleniumLibrary">
<arg>${url.${env}}</arg>
<arg>${browser}</arg>
<doc>Opens a new browser instance to the optional ``url``.</doc>
<msg timestamp="20240321 15:48:05.362" level="INFO">Opening browser 'chrome' to base url 'https://lightningdragon.gg/home'.</msg>
<status status="PASS" starttime="20240321 15:48:05.362" endtime="20240321 15:48:14.864"/>
</kw>
<kw name="Maximize Browser Window" library="SeleniumLibrary">
<doc>Maximizes current browser window.</doc>
<status status="PASS" starttime="20240321 15:48:14.864" endtime="20240321 15:48:15.028"/>
</kw>
<status status="PASS" starttime="20240321 15:48:05.362" endtime="20240321 15:48:15.028"/>
</kw>
<kw name="ExplicitWait" library="globalVariables">
<arg>${loginButton}</arg>
<kw name="Wait Until Element Is Enabled" library="SeleniumLibrary">
<arg>${elementToWait}</arg>
<doc>Waits until the element ``locator`` is enabled.</doc>
<status status="PASS" starttime="20240321 15:48:15.031" endtime="20240321 15:48:15.145"/>
</kw>
<status status="PASS" starttime="20240321 15:48:15.031" endtime="20240321 15:48:15.145"/>
</kw>
<kw name="Clicker" library="globalVariables">
<arg>${loginButton}</arg>
<kw name="Click Element" library="SeleniumLibrary">
<arg>${clickElement}</arg>
<doc>Click the element identified by ``locator``.</doc>
<msg timestamp="20240321 15:48:15.145" level="INFO">Clicking element 'xpath=//a[contains(text(),'Log in')]'.</msg>
<status status="PASS" starttime="20240321 15:48:15.145" endtime="20240321 15:48:15.249"/>
</kw>
<status status="PASS" starttime="20240321 15:48:15.145" endtime="20240321 15:48:15.249"/>
</kw>
<kw name="ImplicitWait" library="globalVariables">
<kw name="Sleep" library="BuiltIn">
<arg>3s</arg>
<doc>Pauses the test executed for the given time.</doc>
<msg timestamp="20240321 15:48:18.264" level="INFO">Slept 3 seconds</msg>
<status status="PASS" starttime="20240321 15:48:15.249" endtime="20240321 15:48:18.264"/>
</kw>
<status status="PASS" starttime="20240321 15:48:15.249" endtime="20240321 15:48:18.264"/>
</kw>
<kw name="Clicker" library="globalVariables">
<arg>${forgotPassword}</arg>
<kw name="Click Element" library="SeleniumLibrary">
<arg>${clickElement}</arg>
<doc>Click the element identified by ``locator``.</doc>
<msg timestamp="20240321 15:48:18.264" level="INFO">Clicking element 'xpath=//a[contains(text(),'Forgot your password?')]'.</msg>
<status status="PASS" starttime="20240321 15:48:18.264" endtime="20240321 15:48:18.398"/>
</kw>
<status status="PASS" starttime="20240321 15:48:18.264" endtime="20240321 15:48:18.398"/>
</kw>
<kw name="Verify PageContents" library="globalVariables">
<arg>${forgotPasswordTitleLabel}</arg>
<kw name="Page Should Contain" library="SeleniumLibrary">
<arg>${pageShouldContain}</arg>
<doc>Verifies that current page contains ``text``.</doc>
<msg timestamp="20240321 15:48:18.494" level="INFO">Current page contains text 'Forgot your password?'.</msg>
<status status="PASS" starttime="20240321 15:48:18.400" endtime="20240321 15:48:18.494"/>
</kw>
<status status="PASS" starttime="20240321 15:48:18.398" endtime="20240321 15:48:18.494"/>
</kw>
<kw name="Test_End" library="testSetup" type="TEARDOWN">
<kw name="Close All Browsers" library="SeleniumLibrary">
<doc>Closes all open browsers and resets the browser cache.</doc>
<status status="PASS" starttime="20240321 15:48:18.494" endtime="20240321 15:48:24.723"/>
</kw>
<status status="PASS" starttime="20240321 15:48:18.494" endtime="20240321 15:48:24.723"/>
</kw>
<doc>This verifies the redirection of forgot password hyperlink</doc>
<status status="PASS" starttime="20240321 15:48:05.362" endtime="20240321 15:48:24.723"/>
</test>
<test id="s1-t9" name="dont have account redirection" line="88">
<kw name="Test_Start" library="testSetup" type="SETUP">
<kw name="Open Browser" library="SeleniumLibrary">
<arg>${url.${env}}</arg>
<arg>${browser}</arg>
<doc>Opens a new browser instance to the optional ``url``.</doc>
<msg timestamp="20240321 15:48:24.723" level="INFO">Opening browser 'chrome' to base url 'https://lightningdragon.gg/home'.</msg>
<status status="PASS" starttime="20240321 15:48:24.723" endtime="20240321 15:48:32.611"/>
</kw>
<kw name="Maximize Browser Window" library="SeleniumLibrary">
<doc>Maximizes current browser window.</doc>
<status status="PASS" starttime="20240321 15:48:32.611" endtime="20240321 15:48:32.737"/>
</kw>
<status status="PASS" starttime="20240321 15:48:24.723" endtime="20240321 15:48:32.737"/>
</kw>
<kw name="ExplicitWait" library="globalVariables">
<arg>${loginButton}</arg>
<kw name="Wait Until Element Is Enabled" library="SeleniumLibrary">
<arg>${elementToWait}</arg>
<doc>Waits until the element ``locator`` is enabled.</doc>
<status status="PASS" starttime="20240321 15:48:32.745" endtime="20240321 15:48:32.807"/>
</kw>
<status status="PASS" starttime="20240321 15:48:32.737" endtime="20240321 15:48:32.807"/>
</kw>
<kw name="Clicker" library="globalVariables">
<arg>${loginButton}</arg>
<kw name="Click Element" library="SeleniumLibrary">
<arg>${clickElement}</arg>
<doc>Click the element identified by ``locator``.</doc>
<msg timestamp="20240321 15:48:32.807" level="INFO">Clicking element 'xpath=//a[contains(text(),'Log in')]'.</msg>
<status status="PASS" starttime="20240321 15:48:32.807" endtime="20240321 15:48:33.263"/>
</kw>
<status status="PASS" starttime="20240321 15:48:32.807" endtime="20240321 15:48:33.263"/>
</kw>
<kw name="ImplicitWait" library="globalVariables">
<kw name="Sleep" library="BuiltIn">
<arg>3s</arg>
<doc>Pauses the test executed for the given time.</doc>
<msg timestamp="20240321 15:48:36.274" level="INFO">Slept 3 seconds</msg>
<status status="PASS" starttime="20240321 15:48:33.263" endtime="20240321 15:48:36.274"/>
</kw>
<status status="PASS" starttime="20240321 15:48:33.263" endtime="20240321 15:48:36.274"/>
</kw>
<kw name="Clicker" library="globalVariables">
<arg>${dontHaveAccount}</arg>
<kw name="Click Element" library="SeleniumLibrary">
<arg>${clickElement}</arg>
<doc>Click the element identified by ``locator``.</doc>
<msg timestamp="20240321 15:48:36.274" level="INFO">Clicking element 'xpath=//a[contains(text(),'Don’t have an account? Register')]'.</msg>
<status status="PASS" starttime="20240321 15:48:36.274" endtime="20240321 15:48:36.413"/>
</kw>
<status status="PASS" starttime="20240321 15:48:36.274" endtime="20240321 15:48:36.413"/>
</kw>
<kw name="Verify PageContents" library="globalVariables">
<arg>${registerTitleLabel}</arg>
<kw name="Page Should Contain" library="SeleniumLibrary">
<arg>${pageShouldContain}</arg>
<doc>Verifies that current page contains ``text``.</doc>
<msg timestamp="20240321 15:48:36.493" level="INFO">Current page contains text 'Register with Lightning Dragon'.</msg>
<status status="PASS" starttime="20240321 15:48:36.416" endtime="20240321 15:48:36.493"/>
</kw>
<status status="PASS" starttime="20240321 15:48:36.416" endtime="20240321 15:48:36.493"/>
</kw>
<kw name="Test_End" library="testSetup" type="TEARDOWN">
<kw name="Close All Browsers" library="SeleniumLibrary">
<doc>Closes all open browsers and resets the browser cache.</doc>
<status status="PASS" starttime="20240321 15:48:36.493" endtime="20240321 15:48:42.734"/>
</kw>
<status status="PASS" starttime="20240321 15:48:36.493" endtime="20240321 15:48:42.734"/>
</kw>
<doc>This verifies the redirection of the dont have an account yet hyperlink</doc>
<status status="PASS" starttime="20240321 15:48:24.723" endtime="20240321 15:48:42.734"/>
</test>
<doc>This file will hold the test cases for login</doc>
<status status="PASS" starttime="20240321 15:45:14.660" endtime="20240321 15:48:42.734"/>
</suite>
<statistics>
<total>
<stat pass="9" fail="0" skip="0">All Tests</stat>
</total>
<tag>
</tag>
<suite>
<stat pass="9" fail="0" skip="0" id="s1" name="loginTC">loginTC</stat>
</suite>
</statistics>
<errors>
</errors>
</robot>
