<?xml version="1.0" encoding="UTF-8"?>
<robot generator="Robot 6.1.1 (Python 3.10.11 on win32)" generated="20240321 15:15:53.305" rpa="false" schemaversion="4">
<suite id="s1" name="SoloTest" source="C:\Users\Dynas\OneDrive\Documents\GitHub\RobotFramework-Automations\DynastyTestAutomations\LD\TS-SoloTestFiles\SoloTest.robot">
<test id="s1-t1" name="otp exprire" line="22">
<kw name="Test_Start" library="testSetup" type="SETUP">
<kw name="Open Browser" library="SeleniumLibrary">
<arg>${url.${env}}</arg>
<arg>${browser}</arg>
<doc>Opens a new browser instance to the optional ``url``.</doc>
<msg timestamp="20240321 15:15:53.488" level="INFO">Opening browser 'chrome' to base url 'https://lightningdragon.gg/home'.</msg>
<status status="PASS" starttime="20240321 15:15:53.472" endtime="20240321 15:16:01.794"/>
</kw>
<kw name="Maximize Browser Window" library="SeleniumLibrary">
<doc>Maximizes current browser window.</doc>
<status status="PASS" starttime="20240321 15:16:01.794" endtime="20240321 15:16:01.909"/>
</kw>
<status status="PASS" starttime="20240321 15:15:53.472" endtime="20240321 15:16:01.909"/>
</kw>
<kw name="ExplicitWait" library="globalVariables">
<arg>${loginButton}</arg>
<kw name="Wait Until Element Is Enabled" library="SeleniumLibrary">
<arg>${elementToWait}</arg>
<doc>Waits until the element ``locator`` is enabled.</doc>
<status status="PASS" starttime="20240321 15:16:01.915" endtime="20240321 15:16:01.992"/>
</kw>
<status status="PASS" starttime="20240321 15:16:01.909" endtime="20240321 15:16:01.992"/>
</kw>
<kw name="Clicker" library="globalVariables">
<arg>${loginButton}</arg>
<kw name="Click Element" library="SeleniumLibrary">
<arg>${clickElement}</arg>
<doc>Click the element identified by ``locator``.</doc>
<msg timestamp="20240321 15:16:01.992" level="INFO">Clicking element 'xpath=//a[contains(text(),'Log in')]'.</msg>
<status status="PASS" starttime="20240321 15:16:01.992" endtime="20240321 15:16:02.188"/>
</kw>
<status status="PASS" starttime="20240321 15:16:01.992" endtime="20240321 15:16:02.188"/>
</kw>
<kw name="ImplicitWait" library="globalVariables">
<kw name="Sleep" library="BuiltIn">
<arg>3s</arg>
<doc>Pauses the test executed for the given time.</doc>
<msg timestamp="20240321 15:16:05.214" level="INFO">Slept 3 seconds</msg>
<status status="PASS" starttime="20240321 15:16:02.198" endtime="20240321 15:16:05.214"/>
</kw>
<status status="PASS" starttime="20240321 15:16:02.196" endtime="20240321 15:16:05.214"/>
</kw>
<kw name="Clicker" library="globalVariables">
<arg>${forgotPassword}</arg>
<kw name="Click Element" library="SeleniumLibrary">
<arg>${clickElement}</arg>
<doc>Click the element identified by ``locator``.</doc>
<msg timestamp="20240321 15:16:05.216" level="INFO">Clicking element 'xpath=//a[contains(text(),'Forgot your password?')]'.</msg>
<status status="PASS" starttime="20240321 15:16:05.214" endtime="20240321 15:16:05.282"/>
</kw>
<status status="PASS" starttime="20240321 15:16:05.214" endtime="20240321 15:16:05.282"/>
</kw>
<kw name="Verify PageContents" library="globalVariables">
<arg>${forgotPasswordTitleLabel}</arg>
<kw name="Page Should Contain" library="SeleniumLibrary">
<arg>${pageShouldContain}</arg>
<doc>Verifies that current page contains ``text``.</doc>
<msg timestamp="20240321 15:16:05.347" level="INFO">Current page contains text 'Forgot your password?'.</msg>
<status status="PASS" starttime="20240321 15:16:05.283" endtime="20240321 15:16:05.347"/>
</kw>
<status status="PASS" starttime="20240321 15:16:05.282" endtime="20240321 15:16:05.347"/>
</kw>
<kw name="Typer" library="globalVariables">
<arg>${emailField}</arg>
<arg>${active_credentials['validUsername']}</arg>
<kw name="Input Text" library="SeleniumLibrary">
<arg>${targetElement}</arg>
<arg>${typedWord}</arg>
<doc>Types the given ``text`` into the text field identified by ``locator``.</doc>
<msg timestamp="20240321 15:16:05.347" level="INFO">Typing text 'jc@dynastygm.com' into text field 'xpath=//input[@type='email']'.</msg>
<status status="PASS" starttime="20240321 15:16:05.347" endtime="20240321 15:16:05.470"/>
</kw>
<status status="PASS" starttime="20240321 15:16:05.347" endtime="20240321 15:16:05.470"/>
</kw>
<kw name="ExplicitWait" library="globalVariables">
<arg>${nextButton}</arg>
<kw name="Wait Until Element Is Enabled" library="SeleniumLibrary">
<arg>${elementToWait}</arg>
<doc>Waits until the element ``locator`` is enabled.</doc>
<status status="PASS" starttime="20240321 15:16:05.470" endtime="20240321 15:16:05.504"/>
</kw>
<status status="PASS" starttime="20240321 15:16:05.470" endtime="20240321 15:16:05.504"/>
</kw>
<kw name="Clicker" library="globalVariables">
<arg>${nextButton}</arg>
<kw name="Click Element" library="SeleniumLibrary">
<arg>${clickElement}</arg>
<doc>Click the element identified by ``locator``.</doc>
<msg timestamp="20240321 15:16:05.506" level="INFO">Clicking element 'xpath=//button[@type='submit']'.</msg>
<status status="PASS" starttime="20240321 15:16:05.506" endtime="20240321 15:16:05.555"/>
</kw>
<status status="PASS" starttime="20240321 15:16:05.505" endtime="20240321 15:16:05.556"/>
</kw>
<kw name="ImplicitWait" library="globalVariables">
<kw name="Sleep" library="BuiltIn">
<arg>3s</arg>
<doc>Pauses the test executed for the given time.</doc>
<msg timestamp="20240321 15:16:08.562" level="INFO">Slept 3 seconds</msg>
<status status="PASS" starttime="20240321 15:16:05.557" endtime="20240321 15:16:08.562"/>
</kw>
<status status="PASS" starttime="20240321 15:16:05.557" endtime="20240321 15:16:08.562"/>
</kw>
<kw name="Verify PageContents" library="globalVariables">
<arg>${forgotpasswordSuccess}</arg>
<kw name="Page Should Contain" library="SeleniumLibrary">
<arg>${pageShouldContain}</arg>
<doc>Verifies that current page contains ``text``.</doc>
<msg timestamp="20240321 15:16:08.629" level="INFO">Current page contains text 'A six digit code has been sent to your email address.'.</msg>
<status status="PASS" starttime="20240321 15:16:08.562" endtime="20240321 15:16:08.629"/>
</kw>
<status status="PASS" starttime="20240321 15:16:08.562" endtime="20240321 15:16:08.629"/>
</kw>
<kw name="implicitWait-OTPexpire" library="loginPO">
<kw name="Sleep" library="BuiltIn">
<arg>300s</arg>
<doc>Pauses the test executed for the given time.</doc>
<msg timestamp="20240321 15:21:08.636" level="INFO">Slept 5 minutes</msg>
<status status="PASS" starttime="20240321 15:16:08.630" endtime="20240321 15:21:08.636"/>
</kw>
<status status="PASS" starttime="20240321 15:16:08.630" endtime="20240321 15:21:08.636"/>
</kw>
<kw name="Clicker" library="globalVariables">
<arg>${resendOTP}</arg>
<kw name="Click Element" library="SeleniumLibrary">
<arg>${clickElement}</arg>
<doc>Click the element identified by ``locator``.</doc>
<msg timestamp="20240321 15:21:08.636" level="INFO">Clicking element 'xpath=//a[contains(text(),'Resend OTP')]'.</msg>
<status status="PASS" starttime="20240321 15:21:08.636" endtime="20240321 15:21:08.704"/>
</kw>
<status status="PASS" starttime="20240321 15:21:08.636" endtime="20240321 15:21:08.704"/>
</kw>
<kw name="ExplicitWait-longer" library="globalVariables">
<arg>${verifyButtonEnabled}</arg>
<kw name="Wait Until Element Is Enabled" library="SeleniumLibrary">
<arg>${elementToWait}</arg>
<arg>30s</arg>
<doc>Waits until the element ``locator`` is enabled.</doc>
<status status="PASS" starttime="20240321 15:21:08.704" endtime="20240321 15:21:36.436"/>
</kw>
<status status="PASS" starttime="20240321 15:21:08.704" endtime="20240321 15:21:36.436"/>
</kw>
<kw name="Verify PageContents" library="globalVariables">
<arg>${correctOTPchangePassEnabled}</arg>
<kw name="Page Should Contain" library="SeleniumLibrary">
<arg>${pageShouldContain}</arg>
<doc>Verifies that current page contains ``text``.</doc>
<msg timestamp="20240321 15:21:36.530" level="INFO">Current page contains text 'Please reset your password before the timer above expires'.</msg>
<status status="PASS" starttime="20240321 15:21:36.436" endtime="20240321 15:21:36.530"/>
</kw>
<status status="PASS" starttime="20240321 15:21:36.436" endtime="20240321 15:21:36.530"/>
</kw>
<kw name="Test_End" library="testSetup" type="TEARDOWN">
<kw name="Close All Browsers" library="SeleniumLibrary">
<doc>Closes all open browsers and resets the browser cache.</doc>
<status status="PASS" starttime="20240321 15:21:36.546" endtime="20240321 15:21:42.810"/>
</kw>
<status status="PASS" starttime="20240321 15:21:36.546" endtime="20240321 15:21:42.811"/>
</kw>
<doc>This verifies that an incorrect OTP will prompt an error to the page, user should type in the correct OTP</doc>
<status status="PASS" starttime="20240321 15:15:53.472" endtime="20240321 15:21:42.811"/>
</test>
<doc>This is a test file for individual testing of test cases before merging with the actual test file.</doc>
<status status="PASS" starttime="20240321 15:15:53.305" endtime="20240321 15:21:42.813"/>
</suite>
<statistics>
<total>
<stat pass="1" fail="0" skip="0">All Tests</stat>
</total>
<tag>
</tag>
<suite>
<stat pass="1" fail="0" skip="0" id="s1" name="SoloTest">SoloTest</stat>
</suite>
</statistics>
<errors>
<msg timestamp="20240321 15:15:53.472" level="ERROR">[ DataDriver ] Error in robot file:
  File "C:\Users\Dynas\OneDrive\Documents\GitHub\RobotFramework-Automations\DynastyTestAutomations\LD\TS-SoloTestFiles\SoloTest.robot", line 0</msg>
<msg timestamp="20240321 15:15:53.472" level="ERROR">Calling method '_start_suite' of listener 'DataDriver' failed: FileNotFoundError: File attribute was empty. Tried to find C:\Users\Dynas\OneDrive\Documents\GitHub\RobotFramework-Automations\DynastyTestAutomations\LD\TS-SoloTestFiles\SoloTest.csv but file does not exist. If no file validation is required, set file_search_strategy=None.</msg>
</errors>
</robot>
