<?xml version="1.0" encoding="UTF-8"?>
<robot generator="Robot 6.1.1 (Python 3.10.11 on win32)" generated="20231219 10:45:44.739" rpa="false" schemaversion="4">
<suite id="s1" name="Landing Login SignUp TestCases" source="C:\Users\Dynas\OneDrive\Documents\GitHub\RobotFramework-Automations\Generic_Automations-DynastyGM\Landing_Login_Signup_TC\TestCases\Landing_Login_SignUp_TestCases.robot">
<test id="s1-t1" name="Verify Landing Page Accessability" line="12">
<kw name="WaitTimer" library="setup">
<kw name="Sleep" library="BuiltIn">
<arg>3</arg>
<doc>Pauses the test executed for the given time.</doc>
<msg timestamp="20231219 10:45:48.809" level="INFO">Slept 3 seconds</msg>
<status status="PASS" starttime="20231219 10:45:45.796" endtime="20231219 10:45:48.809"/>
</kw>
<status status="PASS" starttime="20231219 10:45:45.796" endtime="20231219 10:45:48.809"/>
</kw>
<doc>This verifies the accessibility of the landing page</doc>
<status status="PASS" starttime="20231219 10:45:45.796" endtime="20231219 10:45:48.809"/>
</test>
<status status="PASS" starttime="20231219 10:45:44.739" endtime="20231219 10:45:48.809"/>
</suite>
<statistics>
<total>
<stat pass="1" fail="0" skip="0">All Tests</stat>
</total>
<tag>
</tag>
<suite>
<stat pass="1" fail="0" skip="0" id="s1" name="Landing Login SignUp TestCases">Landing Login SignUp TestCases</stat>
</suite>
</statistics>
<errors>
</errors>
</robot>
